LTspice 24.1.6 for Windows
Circuit: C:\Users\adopa\OneDrive - Estudiantes ITCR\Escritorio\ㅤ\TEC\V_semestre\Circuitos discretos\proyecto\sim-m7\opamp-top.net
Start Time: Tue May  5 00:46:11 2026
Ignoring BSIM parameter XL
Ignoring BSIM parameter XW
Ignoring BSIM parameter XL
Ignoring BSIM parameter XW
solver = Normal
Maximum thread count: 12
tnom = 27
temp = 27
method = trap
WARNING: Node x1:nc_01 is floating.
WARNING: Node x1:n005 is floating.

Warning: Pd = 0 is less than W.
Warning: Ps = 0 is less than W.
Warning: Pd = 0 is less than W.
Warning: Ps = 0 is less than W.
Warning: Pd = 0 is less than W.
Warning: Ps = 0 is less than W.
Warning: Pd = 0 is less than W.
Warning: Ps = 0 is less than W.
Direct Newton iteration for .op point succeeded.
Total elapsed time: 0.158 seconds.

Files loaded:
C:\Users\adopa\OneDrive - Estudiantes ITCR\Escritorio\ㅤ\TEC\V_semestre\Circuitos discretos\proyecto\sim-m7\opamp-top.net
C:\Users\adopa\AppData\Local\LTspice\lib\cmp\standard.mos
C:\Users\adopa\OneDrive - Estudiantes ITCR\Escritorio\ㅤ\TEC\V_semestre\Circuitos discretos\proyecto\sim-m7\C5_models.txt

